My project/Temp/gradleOut/launcher/build/intermediates/manifest_merge_blame_file/release/manifest-merger-blame-release-report.txt
1<?xml version="1.0" encoding="utf-8"?>
2<!-- GENERATED BY UNITY. REMOVE THIS COMMENT TO PREVENT OVERWRITING WHEN EXPORTING AGAIN -->
3<manifest xmlns:android="http://schemas.android.com/apk/res/android"
4    package="com.DefaultCompany.Myproject"
5    android:installLocation="preferExternal"
6    android:versionCode="1"
7    android:versionName="0.1" >
8
9    <uses-sdk
10        android:minSdkVersion="26"
10-->src/main/AndroidManifest.xml
11        android:targetSdkVersion="30" />
11-->src/main/AndroidManifest.xml
12
13    <supports-screens
13-->src/main/AndroidManifest.xml:4:3-163
14        android:anyDensity="true"
14-->src/main/AndroidManifest.xml:4:135-160
15        android:largeScreens="true"
15-->src/main/AndroidManifest.xml:4:78-105
16        android:normalScreens="true"
16-->src/main/AndroidManifest.xml:4:49-77
17        android:smallScreens="true"
17-->src/main/AndroidManifest.xml:4:21-48
18        android:xlargeScreens="true" />
18-->src/main/AndroidManifest.xml:4:106-134
19
20    <uses-feature android:glEsVersion="0x00030000" />
20-->[:unityLibrary] AndroidManifest.xml:13:5-54
20-->[:unityLibrary] AndroidManifest.xml:13:19-51
21
22    <uses-permission android:name="android.permission.WRITE_EXTERNAL_STORAGE" />
22-->[:unityLibrary] AndroidManifest.xml:15:5-81
22-->[:unityLibrary] AndroidManifest.xml:15:22-78
23
24    <uses-feature
24-->[:unityLibrary] AndroidManifest.xml:17:5-19:36
25        android:name="android.hardware.touchscreen"
25-->[:unityLibrary] AndroidManifest.xml:18:9-52
26        android:required="false" />
26-->[:unityLibrary] AndroidManifest.xml:19:9-33
27    <uses-feature
27-->[:unityLibrary] AndroidManifest.xml:20:5-22:36
28        android:name="android.hardware.touchscreen.multitouch"
28-->[:unityLibrary] AndroidManifest.xml:21:9-63
29        android:required="false" />
29-->[:unityLibrary] AndroidManifest.xml:22:9-33
30    <uses-feature
30-->[:unityLibrary] AndroidManifest.xml:23:5-25:36
31        android:name="android.hardware.touchscreen.multitouch.distinct"
31-->[:unityLibrary] AndroidManifest.xml:24:9-72
32        android:required="false" />
32-->[:unityLibrary] AndroidManifest.xml:25:9-33
33
34    <uses-permission android:name="android.permission.WRITE_SETTINGS" />
34-->[:unityLibrary] AndroidManifest.xml:27:5-73
34-->[:unityLibrary] AndroidManifest.xml:27:22-70
35    <uses-permission android:name="android.permission.READ_EXTERNAL_STORAGE" />
35-->[:unityLibrary] AndroidManifest.xml:28:5-80
35-->[:unityLibrary] AndroidManifest.xml:28:22-77
36    <uses-permission android:name="android.permission.REORDER_TASKS" />
36-->[:Pico_PaymentSDK_Android_V1.0.34:] AndroidManifest.xml:11:5-72
36-->[:Pico_PaymentSDK_Android_V1.0.34:] AndroidManifest.xml:11:22-69
37    <uses-permission android:name="android.permission.CHANGE_WIFI_STATE" />
37-->[:Pico_PaymentSDK_Android_V1.0.34:] AndroidManifest.xml:12:5-76
37-->[:Pico_PaymentSDK_Android_V1.0.34:] AndroidManifest.xml:12:22-73
38    <uses-permission android:name="android.permission.INTERNET" />
38-->[:Pico_PaymentSDK_Android_V1.0.34:] AndroidManifest.xml:13:5-67
38-->[:Pico_PaymentSDK_Android_V1.0.34:] AndroidManifest.xml:13:22-64
39    <uses-permission android:name="android.permission.ACCESS_NETWORK_STATE" />
39-->[:Pico_PaymentSDK_Android_V1.0.34:] AndroidManifest.xml:14:5-79
39-->[:Pico_PaymentSDK_Android_V1.0.34:] AndroidManifest.xml:14:22-76
40    <uses-permission android:name="android.permission.ACCESS_WIFI_STATE" />
40-->[:Pico_PaymentSDK_Android_V1.0.34:] AndroidManifest.xml:15:5-76
40-->[:Pico_PaymentSDK_Android_V1.0.34:] AndroidManifest.xml:15:22-73
41
42    <application
42-->src/main/AndroidManifest.xml:5:3-116
43        android:allowBackup="true"
43-->[:Pico_PaymentSDK_Android_V1.0.34:] AndroidManifest.xml:18:9-35
44        android:extractNativeLibs="true"
44-->src/main/AndroidManifest.xml:5:16-48
45        android:icon="@mipmap/app_icon"
45-->src/main/AndroidManifest.xml:5:82-113
46        android:label="@string/app_name"
46-->src/main/AndroidManifest.xml:5:49-81
47        android:requestLegacyExternalStorage="true"
47-->[:unityLibrary] AndroidManifest.xml:30:18-61
48        android:supportsRtl="true" >
48-->[:Pico_PaymentSDK_Android_V1.0.34:] AndroidManifest.xml:20:9-35
49        <activity
49-->[:unityLibrary] AndroidManifest.xml:31:9-51:20
50            android:name="com.unity3d.player.UnityPlayerActivity"
50-->[:unityLibrary] AndroidManifest.xml:32:13-66
51            android:configChanges="mcc|mnc|locale|touchscreen|keyboard|keyboardHidden|navigation|orientation|screenLayout|uiMode|screenSize|smallestScreenSize|fontScale|layoutDirection|density"
51-->[:unityLibrary] AndroidManifest.xml:33:13-194
52            android:hardwareAccelerated="false"
52-->[:unityLibrary] AndroidManifest.xml:34:13-48
53            android:launchMode="singleTask"
53-->[:unityLibrary] AndroidManifest.xml:35:13-44
54            android:resizeableActivity="false"
54-->[:unityLibrary] AndroidManifest.xml:36:13-47
55            android:screenOrientation="landscape"
55-->[:unityLibrary] AndroidManifest.xml:37:13-50
56            android:theme="@style/UnityThemeSelector" >
56-->[:unityLibrary] AndroidManifest.xml:38:13-54
57            <intent-filter>
57-->[:unityLibrary] AndroidManifest.xml:39:13-43:29
58                <action android:name="android.intent.action.MAIN" />
58-->[:unityLibrary] AndroidManifest.xml:40:17-69
58-->[:unityLibrary] AndroidManifest.xml:40:25-66
59
60                <category android:name="android.intent.category.LAUNCHER" />
60-->[:unityLibrary] AndroidManifest.xml:42:17-77
60-->[:unityLibrary] AndroidManifest.xml:42:27-74
61            </intent-filter>
62
63            <meta-data
63-->[:unityLibrary] AndroidManifest.xml:45:13-47:40
64                android:name="unityplayer.UnityActivity"
64-->[:unityLibrary] AndroidManifest.xml:46:17-57
65                android:value="true" />
65-->[:unityLibrary] AndroidManifest.xml:47:17-37
66            <meta-data
66-->[:unityLibrary] AndroidManifest.xml:48:13-50:40
67                android:name="android.notch_support"
67-->[:unityLibrary] AndroidManifest.xml:49:17-53
68                android:value="true" />
68-->[:unityLibrary] AndroidManifest.xml:50:17-37
69        </activity>
70
71        <meta-data
71-->[:unityLibrary] AndroidManifest.xml:53:9-55:33
72            android:name="unity.splash-mode"
72-->[:unityLibrary] AndroidManifest.xml:54:13-45
73            android:value="0" />
73-->[:unityLibrary] AndroidManifest.xml:55:13-30
74        <meta-data
74-->[:unityLibrary] AndroidManifest.xml:56:9-58:36
75            android:name="unity.splash-enable"
75-->[:unityLibrary] AndroidManifest.xml:57:13-47
76            android:value="True" />
76-->[:unityLibrary] AndroidManifest.xml:58:13-33
77        <meta-data
77-->[:unityLibrary] AndroidManifest.xml:59:9-61:37
78            android:name="unity.allow-resizable-window"
78-->[:unityLibrary] AndroidManifest.xml:60:13-56
79            android:value="False" />
79-->[:unityLibrary] AndroidManifest.xml:61:13-34
80        <meta-data
80-->[:unityLibrary] AndroidManifest.xml:62:9-64:50
81            android:name="notch.config"
81-->[:unityLibrary] AndroidManifest.xml:63:13-40
82            android:value="portrait|landscape" />
82-->[:unityLibrary] AndroidManifest.xml:64:13-47
83        <meta-data
83-->[:unityLibrary] AndroidManifest.xml:65:9-67:68
84            android:name="unity.build-id"
84-->[:unityLibrary] AndroidManifest.xml:66:13-42
85            android:value="a3feea6c-858c-441c-880e-ebcc5ea9dcc5" />
85-->[:unityLibrary] AndroidManifest.xml:67:13-65
86        <meta-data
86-->[:unityLibrary] AndroidManifest.xml:68:9-70:34
87            android:name="pvr.app.type"
87-->[:unityLibrary] AndroidManifest.xml:69:13-40
88            android:value="vr" />
88-->[:unityLibrary] AndroidManifest.xml:70:13-31
89        <meta-data
89-->[:unityLibrary] AndroidManifest.xml:71:9-73:51
90            android:name="pvr.sdk.version"
90-->[:unityLibrary] AndroidManifest.xml:72:13-43
91            android:value="XR Platform_1.2.5.3" />
91-->[:unityLibrary] AndroidManifest.xml:73:13-48
92        <meta-data
92-->[:unityLibrary] AndroidManifest.xml:74:9-76:33
93            android:name="enable_cpt"
93-->[:unityLibrary] AndroidManifest.xml:75:13-38
94            android:value="0" />
94-->[:unityLibrary] AndroidManifest.xml:76:13-30
95        <meta-data
95-->[:unityLibrary] AndroidManifest.xml:77:9-79:33
96            android:name="enable_entitlementcheck"
96-->[:unityLibrary] AndroidManifest.xml:78:13-51
97            android:value="0" />
97-->[:unityLibrary] AndroidManifest.xml:79:13-30
98
99        <activity
99-->[:Pico_PaymentSDK_Android_V1.0.34:] AndroidManifest.xml:21:9-32:20
100            android:name="com.pico.loginpaysdk.auth.TransferStationActivity"
100-->[:Pico_PaymentSDK_Android_V1.0.34:] AndroidManifest.xml:22:13-77
101            android:excludeFromRecents="true"
101-->[:Pico_PaymentSDK_Android_V1.0.34:] AndroidManifest.xml:23:13-46
102            android:exported="true"
102-->[:Pico_PaymentSDK_Android_V1.0.34:] AndroidManifest.xml:24:13-36
103            android:launchMode="singleTask"
103-->[:Pico_PaymentSDK_Android_V1.0.34:] AndroidManifest.xml:25:13-44
104            android:theme="@android:style/Theme.Translucent.NoTitleBar" >
104-->[:Pico_PaymentSDK_Android_V1.0.34:] AndroidManifest.xml:26:13-72
105            <intent-filter>
105-->[:Pico_PaymentSDK_Android_V1.0.34:] AndroidManifest.xml:27:13-31:29
106                <action android:name="com.pico.loginpaysdk.intent.action.AuthCallback" />
106-->[:Pico_PaymentSDK_Android_V1.0.34:] AndroidManifest.xml:28:17-90
106-->[:Pico_PaymentSDK_Android_V1.0.34:] AndroidManifest.xml:28:25-87
107
108                <category android:name="android.intent.category.DEFAULT" />
108-->[:Pico_PaymentSDK_Android_V1.0.34:] AndroidManifest.xml:30:17-76
108-->[:Pico_PaymentSDK_Android_V1.0.34:] AndroidManifest.xml:30:27-73
109            </intent-filter>
110        </activity>
111    </application>
112
113</manifest>